<?xml version="1.0" encoding="UTF-8"?>
<robot generator="Robot 3.2.2 (Python 3.9.2 on win32)" generated="20210327 14:16:06.393" rpa="false">
<suite id="s1" name="Suites">
<suite id="s1-s1" name="Invalid Credential Tests" source="C:\Users\eswakui\Desktop\robot\robotworkspace\OpenEmr\OpenEmr\LoginSuite\invalid_credential_tests.robot">
<test id="s1-s1-t1" name="TC1">
<kw name="Launch_Browser" library="common_functionality" type="setup">
<kw name="Append To Environment Variable" library="OperatingSystem">
<doc>Appends given ``values`` to environment variable ``name``.</doc>
<arguments>
<arg>PATH</arg>
<arg>${EXECDIR}/driver</arg>
</arguments>
<msg timestamp="20210327 14:16:10.145" level="INFO">Environment variable 'PATH' set to value 'C:\Program Files (x86)\Common Files\Oracle\Java\javapath;C:\ProgramData\Oracle\Java\javapath;C:\WINDOWS\system32;C:\WINDOWS;C:\WINDOWS\System32\Wbem;C:\WINDOWS\System32\WindowsPowerShell\v1.0\;C:\Program Files (x86)\PuTTY\;C:\WINDOWS\system32\config\systemprofile\AppData\Local\Microsoft\WindowsApps;C:\Program Files (x86)\Adaptiva\AdaptivaClient\bin\x32;C:\Program Files (x86)\Adaptiva\AdaptivaClient\bin\x64;C:\Program Files\Intel\WiFi\bin\;C:\Program Files\Common Files\Intel\WirelessCommon\;C:\WINDOWS\system32;C:\WINDOWS;C:\WINDOWS\System32\Wbem;C:\WINDOWS\System32\WindowsPowerShell\v1.0\;C:\WINDOWS\System32\OpenSSH\;C:\Users\eswakui\AppData\Local\Programs\Python\Python39;C:\Users\eswakui\AppData\Local\Programs\Python\Python39\Scripts;C:\Program Files\Git\cmd;C:\Ruby26-x64\bin;C:\Users\eswakui\AppData\Local\Microsoft\WindowsApps;;C:\Users\eswakui\Desktop\robot\robotworkspace\OpenEmr\OpenEmr/driver'.</msg>
<status status="PASS" starttime="20210327 14:16:10.145" endtime="20210327 14:16:10.145"></status>
</kw>
<kw name="Open Browser" library="SeleniumLibrary">
<doc>Opens a new browser instance to the optional ``url``.</doc>
<arguments>
<arg>browser=${BROWSER}</arg>
</arguments>
<msg timestamp="20210327 14:16:10.145" level="INFO">Opening browser 'chrome' to base url 'None'.</msg>
<status status="PASS" starttime="20210327 14:16:10.145" endtime="20210327 14:16:12.114"></status>
</kw>
<kw name="Maximize Browser Window" library="SeleniumLibrary">
<doc>Maximizes current browser window.</doc>
<status status="PASS" starttime="20210327 14:16:12.114" endtime="20210327 14:16:12.241"></status>
</kw>
<kw name="Go To" library="SeleniumLibrary">
<doc>Navigates the current browser window to the provided ``url``.</doc>
<arguments>
<arg>url=${URL}</arg>
</arguments>
<msg timestamp="20210327 14:16:12.242" level="INFO">Opening url 'https://demo.openemr.io/b/openemr/interface/login/login.php?site=default'</msg>
<status status="PASS" starttime="20210327 14:16:12.241" endtime="20210327 14:16:13.760"></status>
</kw>
<kw name="Set Selenium Implicit Wait" library="SeleniumLibrary">
<doc>Sets the implicit wait value used by Selenium.</doc>
<arguments>
<arg>30s</arg>
</arguments>
<status status="PASS" starttime="20210327 14:16:13.760" endtime="20210327 14:16:13.764"></status>
</kw>
<kw name="Set Selenium Timeout" library="SeleniumLibrary">
<doc>Sets the timeout that is used by various keywords.</doc>
<arguments>
<arg>50s</arg>
</arguments>
<status status="PASS" starttime="20210327 14:16:13.764" endtime="20210327 14:16:13.768"></status>
</kw>
<status status="PASS" starttime="20210327 14:16:10.144" endtime="20210327 14:16:13.768"></status>
</kw>
<kw name="Invalid_Credential_Template">
<arguments>
<arg>${username}</arg>
<arg>pass</arg>
<arg>English (Indian)</arg>
<arg>Invalid username or password</arg>
</arguments>
<msg timestamp="20210327 14:16:13.770" level="FAIL">Variable '${username}' not found.</msg>
<status status="FAIL" starttime="20210327 14:16:13.768" endtime="20210327 14:16:13.771"></status>
</kw>
<status status="FAIL" starttime="20210327 14:16:10.143" endtime="20210327 14:16:13.771" critical="yes">Variable '${username}' not found.</status>
</test>
<test id="s1-s1-t2" name="TC1">
<kw name="Launch_Browser" library="common_functionality" type="setup">
<kw name="Append To Environment Variable" library="OperatingSystem">
<doc>Appends given ``values`` to environment variable ``name``.</doc>
<arguments>
<arg>PATH</arg>
<arg>${EXECDIR}/driver</arg>
</arguments>
<msg timestamp="20210327 14:16:13.776" level="INFO">Environment variable 'PATH' set to value 'C:\Program Files (x86)\Common Files\Oracle\Java\javapath;C:\ProgramData\Oracle\Java\javapath;C:\WINDOWS\system32;C:\WINDOWS;C:\WINDOWS\System32\Wbem;C:\WINDOWS\System32\WindowsPowerShell\v1.0\;C:\Program Files (x86)\PuTTY\;C:\WINDOWS\system32\config\systemprofile\AppData\Local\Microsoft\WindowsApps;C:\Program Files (x86)\Adaptiva\AdaptivaClient\bin\x32;C:\Program Files (x86)\Adaptiva\AdaptivaClient\bin\x64;C:\Program Files\Intel\WiFi\bin\;C:\Program Files\Common Files\Intel\WirelessCommon\;C:\WINDOWS\system32;C:\WINDOWS;C:\WINDOWS\System32\Wbem;C:\WINDOWS\System32\WindowsPowerShell\v1.0\;C:\WINDOWS\System32\OpenSSH\;C:\Users\eswakui\AppData\Local\Programs\Python\Python39;C:\Users\eswakui\AppData\Local\Programs\Python\Python39\Scripts;C:\Program Files\Git\cmd;C:\Ruby26-x64\bin;C:\Users\eswakui\AppData\Local\Microsoft\WindowsApps;;C:\Users\eswakui\Desktop\robot\robotworkspace\OpenEmr\OpenEmr/driver;C:\Users\eswakui\Desktop\robot\robotworkspace\OpenEmr\OpenEmr/driver'.</msg>
<status status="PASS" starttime="20210327 14:16:13.775" endtime="20210327 14:16:13.776"></status>
</kw>
<kw name="Open Browser" library="SeleniumLibrary">
<doc>Opens a new browser instance to the optional ``url``.</doc>
<arguments>
<arg>browser=${BROWSER}</arg>
</arguments>
<msg timestamp="20210327 14:16:13.777" level="INFO">Opening browser 'chrome' to base url 'None'.</msg>
<status status="PASS" starttime="20210327 14:16:13.776" endtime="20210327 14:16:15.644"></status>
</kw>
<kw name="Maximize Browser Window" library="SeleniumLibrary">
<doc>Maximizes current browser window.</doc>
<status status="PASS" starttime="20210327 14:16:15.644" endtime="20210327 14:16:15.776"></status>
</kw>
<kw name="Go To" library="SeleniumLibrary">
<doc>Navigates the current browser window to the provided ``url``.</doc>
<arguments>
<arg>url=${URL}</arg>
</arguments>
<msg timestamp="20210327 14:16:15.776" level="INFO">Opening url 'https://demo.openemr.io/b/openemr/interface/login/login.php?site=default'</msg>
<status status="PASS" starttime="20210327 14:16:15.776" endtime="20210327 14:16:17.315"></status>
</kw>
<kw name="Set Selenium Implicit Wait" library="SeleniumLibrary">
<doc>Sets the implicit wait value used by Selenium.</doc>
<arguments>
<arg>30s</arg>
</arguments>
<status status="PASS" starttime="20210327 14:16:17.315" endtime="20210327 14:16:17.321"></status>
</kw>
<kw name="Set Selenium Timeout" library="SeleniumLibrary">
<doc>Sets the timeout that is used by various keywords.</doc>
<arguments>
<arg>50s</arg>
</arguments>
<status status="PASS" starttime="20210327 14:16:17.321" endtime="20210327 14:16:17.328"></status>
</kw>
<status status="PASS" starttime="20210327 14:16:13.775" endtime="20210327 14:16:17.329"></status>
</kw>
<kw name="Invalid_Credential_Template">
<arguments>
<arg>${username}</arg>
<arg>physician</arg>
<arg>Dutch</arg>
<arg>Invalid username or password</arg>
</arguments>
<msg timestamp="20210327 14:16:17.330" level="FAIL">Variable '${username}' not found.</msg>
<status status="FAIL" starttime="20210327 14:16:17.329" endtime="20210327 14:16:17.330"></status>
</kw>
<status status="FAIL" starttime="20210327 14:16:13.774" endtime="20210327 14:16:17.331" critical="yes">Variable '${username}' not found.</status>
</test>
<doc>This file test the invalid credentail error details</doc>
<status status="FAIL" starttime="20210327 14:16:06.431" endtime="20210327 14:16:17.333"></status>
</suite>
<status status="FAIL" starttime="20210327 14:16:06.398" endtime="20210327 14:16:17.337"></status>
</suite>
<statistics>
<total>
<stat pass="0" fail="2">Critical Tests</stat>
<stat pass="0" fail="2">All Tests</stat>
</total>
<tag>
</tag>
<suite>
<stat pass="0" fail="2" id="s1" name="Suites">Suites</stat>
<stat pass="0" fail="2" id="s1-s1" name="Invalid Credential Tests">Suites.Invalid Credential Tests</stat>
</suite>
</statistics>
<errors>
<msg timestamp="20210327 14:16:13.773" level="WARN">Multiple test cases with name 'TC1' executed in test suite 'Suites.Invalid Credential Tests'.</msg>
</errors>
</robot>
